{"/Users/felipe.perez/Desktop/random-quote-api/src/app/api/quotes/route.ts": {"path":"/Users/felipe.perez/Desktop/random-quote-api/src/app/api/quotes/route.ts","statementMap":{"0":{"start":{"line":5,"column":0},"end":{"line":5,"column":22}},"1":{"start":{"line":1,"column":0},"end":{"line":1,"column":54}},"2":{"start":{"line":2,"column":0},"end":{"line":2,"column":46}},"3":{"start":{"line":3,"column":0},"end":{"line":3,"column":43}},"4":{"start":{"line":6,"column":2},"end":{"line":6,"column":28}},"5":{"start":{"line":7,"column":17},"end":{"line":7,"column":42}},"6":{"start":{"line":8,"column":24},"end":{"line":8,"column":78}},"7":{"start":{"line":8,"column":59},"end":{"line":8,"column":76}},"8":{"start":{"line":9,"column":2},"end":{"line":9,"column":42}}},"fnMap":{"0":{"name":"GET","decl":{"start":{"line":5,"column":22},"end":{"line":5,"column":25}},"loc":{"start":{"line":5,"column":25},"end":{"line":10,"column":null}}},"1":{"name":"(anonymous_9)","decl":{"start":{"line":8,"column":35},"end":{"line":8,"column":36}},"loc":{"start":{"line":8,"column":59},"end":{"line":8,"column":76}}}},"branchMap":{},"s":{"0":1,"1":1,"2":1,"3":1,"4":1,"5":1,"6":1,"7":2,"8":1},"f":{"0":1,"1":2},"b":{}}
,"/Users/felipe.perez/Desktop/random-quote-api/src/app/api/quotes/[id]/route.ts": {"path":"/Users/felipe.perez/Desktop/random-quote-api/src/app/api/quotes/[id]/route.ts","statementMap":{"0":{"start":{"line":6,"column":0},"end":{"line":6,"column":22}},"1":{"start":{"line":1,"column":0},"end":{"line":1,"column":57}},"2":{"start":{"line":2,"column":0},"end":{"line":2,"column":49}},"3":{"start":{"line":3,"column":0},"end":{"line":3,"column":56}},"4":{"start":{"line":4,"column":0},"end":{"line":4,"column":32}},"5":{"start":{"line":7,"column":17},"end":{"line":7,"column":31}},"6":{"start":{"line":9,"column":2},"end":{"line":39,"column":3}},"7":{"start":{"line":11,"column":4},"end":{"line":13,"column":5}},"8":{"start":{"line":12,"column":6},"end":{"line":12,"column":89}},"9":{"start":{"line":16,"column":4},"end":{"line":18,"column":5}},"10":{"start":{"line":17,"column":6},"end":{"line":17,"column":82}},"11":{"start":{"line":20,"column":21},"end":{"line":20,"column":52}},"12":{"start":{"line":22,"column":4},"end":{"line":22,"column":30}},"13":{"start":{"line":24,"column":26},"end":{"line":24,"column":56}},"14":{"start":{"line":26,"column":4},"end":{"line":28,"column":5}},"15":{"start":{"line":27,"column":6},"end":{"line":27,"column":80}},"16":{"start":{"line":30,"column":30},"end":{"line":30,"column":43}},"17":{"start":{"line":31,"column":4},"end":{"line":31,"column":48}},"18":{"start":{"line":34,"column":25},"end":{"line":34,"column":89}},"19":{"start":{"line":35,"column":4},"end":{"line":38,"column":6}}},"fnMap":{"0":{"name":"GET","decl":{"start":{"line":6,"column":22},"end":{"line":6,"column":25}},"loc":{"start":{"line":6,"column":80},"end":{"line":40,"column":null}}}},"branchMap":{"0":{"loc":{"start":{"line":11,"column":4},"end":{"line":13,"column":5}},"type":"if","locations":[{"start":{"line":11,"column":4},"end":{"line":13,"column":5}},{"start":{},"end":{}}]},"1":{"loc":{"start":{"line":16,"column":4},"end":{"line":18,"column":5}},"type":"if","locations":[{"start":{"line":16,"column":4},"end":{"line":18,"column":5}},{"start":{},"end":{}}]},"2":{"loc":{"start":{"line":26,"column":4},"end":{"line":28,"column":5}},"type":"if","locations":[{"start":{"line":26,"column":4},"end":{"line":28,"column":5}},{"start":{},"end":{}}]},"3":{"loc":{"start":{"line":34,"column":25},"end":{"line":34,"column":89}},"type":"cond-expr","locations":[{"start":{"line":34,"column":50},"end":{"line":34,"column":63}},{"start":{"line":34,"column":66},"end":{"line":34,"column":89}}]}},"s":{"0":1,"1":1,"2":1,"3":1,"4":1,"5":5,"6":5,"7":5,"8":1,"9":4,"10":1,"11":3,"12":3,"13":3,"14":2,"15":1,"16":1,"17":1,"18":1,"19":1},"f":{"0":5},"b":{"0":[1,4],"1":[1,3],"2":[1,1],"3":[1,0]}}
,"/Users/felipe.perez/Desktop/random-quote-api/src/app/api/quotes/random-id/route.ts": {"path":"/Users/felipe.perez/Desktop/random-quote-api/src/app/api/quotes/random-id/route.ts","statementMap":{"0":{"start":{"line":5,"column":0},"end":{"line":5,"column":22}},"1":{"start":{"line":1,"column":0},"end":{"line":1,"column":57}},"2":{"start":{"line":2,"column":0},"end":{"line":2,"column":49}},"3":{"start":{"line":3,"column":0},"end":{"line":3,"column":43}},"4":{"start":{"line":6,"column":2},"end":{"line":22,"column":3}},"5":{"start":{"line":7,"column":4},"end":{"line":7,"column":30}},"6":{"start":{"line":9,"column":26},"end":{"line":9,"column":75}},"7":{"start":{"line":11,"column":4},"end":{"line":13,"column":5}},"8":{"start":{"line":12,"column":6},"end":{"line":12,"column":80}},"9":{"start":{"line":15,"column":4},"end":{"line":15,"column":54}},"10":{"start":{"line":17,"column":25},"end":{"line":17,"column":89}},"11":{"start":{"line":18,"column":4},"end":{"line":21,"column":6}}},"fnMap":{"0":{"name":"GET","decl":{"start":{"line":5,"column":22},"end":{"line":5,"column":25}},"loc":{"start":{"line":5,"column":25},"end":{"line":23,"column":null}}}},"branchMap":{"0":{"loc":{"start":{"line":11,"column":4},"end":{"line":13,"column":5}},"type":"if","locations":[{"start":{"line":11,"column":4},"end":{"line":13,"column":5}},{"start":{},"end":{}}]},"1":{"loc":{"start":{"line":17,"column":25},"end":{"line":17,"column":89}},"type":"cond-expr","locations":[{"start":{"line":17,"column":50},"end":{"line":17,"column":63}},{"start":{"line":17,"column":66},"end":{"line":17,"column":89}}]}},"s":{"0":1,"1":1,"2":1,"3":1,"4":4,"5":4,"6":4,"7":2,"8":1,"9":1,"10":2,"11":2},"f":{"0":4},"b":{"0":[1,1],"1":[2,0]}}
,"/Users/felipe.perez/Desktop/random-quote-api/src/models/Quote.ts": {"path":"/Users/felipe.perez/Desktop/random-quote-api/src/models/Quote.ts","statementMap":{"0":{"start":{"line":1,"column":0},"end":{"line":1,"column":62}},"1":{"start":{"line":8,"column":20},"end":{"line":11,"column":2}},"2":{"start":{"line":13,"column":13},"end":{"line":13,"column":82}}},"fnMap":{},"branchMap":{"0":{"loc":{"start":{"line":13,"column":21},"end":{"line":13,"column":81}},"type":"binary-expr","locations":[{"start":{"line":13,"column":21},"end":{"line":13,"column":33}},{"start":{"line":13,"column":37},"end":{"line":13,"column":81}}]}},"s":{"0":3,"1":3,"2":3},"f":{},"b":{"0":[3,3]}}
,"/Users/felipe.perez/Desktop/random-quote-api/src/utils/db.ts": {"path":"/Users/felipe.perez/Desktop/random-quote-api/src/utils/db.ts","statementMap":{"0":{"start":{"line":24,"column":0},"end":{"line":24,"column":22}},"1":{"start":{"line":43,"column":0},"end":{"line":43,"column":22}},"2":{"start":{"line":1,"column":0},"end":{"line":1,"column":32}},"3":{"start":{"line":2,"column":0},"end":{"line":2,"column":28}},"4":{"start":{"line":13,"column":0},"end":{"line":13,"column":16}},"5":{"start":{"line":15,"column":13},"end":{"line":15,"column":null}},"6":{"start":{"line":20,"column":0},"end":{"line":22,"column":1}},"7":{"start":{"line":21,"column":2},"end":{"line":21,"column":59}},"8":{"start":{"line":25,"column":2},"end":{"line":25,"column":38}},"9":{"start":{"line":25,"column":19},"end":{"line":25,"column":38}},"10":{"start":{"line":27,"column":20},"end":{"line":27,"column":41}},"11":{"start":{"line":29,"column":2},"end":{"line":31,"column":3}},"12":{"start":{"line":30,"column":4},"end":{"line":30,"column":58}},"13":{"start":{"line":33,"column":2},"end":{"line":38,"column":3}},"14":{"start":{"line":34,"column":4},"end":{"line":37,"column":7}},"15":{"start":{"line":35,"column":6},"end":{"line":35,"column":25}},"16":{"start":{"line":36,"column":6},"end":{"line":36,"column":18}},"17":{"start":{"line":40,"column":2},"end":{"line":40,"column":24}},"18":{"start":{"line":44,"column":2},"end":{"line":48,"column":3}},"19":{"start":{"line":45,"column":4},"end":{"line":45,"column":38}},"20":{"start":{"line":46,"column":4},"end":{"line":46,"column":23}},"21":{"start":{"line":47,"column":4},"end":{"line":47,"column":26}}},"fnMap":{"0":{"name":"connectToDatabase","decl":{"start":{"line":24,"column":22},"end":{"line":24,"column":39}},"loc":{"start":{"line":24,"column":39},"end":{"line":41,"column":null}}},"1":{"name":"(anonymous_10)","decl":{"start":{"line":34,"column":55},"end":{"line":34,"column":56}},"loc":{"start":{"line":34,"column":64},"end":{"line":37,"column":5}}},"2":{"name":"closeConnection","decl":{"start":{"line":43,"column":22},"end":{"line":43,"column":37}},"loc":{"start":{"line":43,"column":37},"end":{"line":49,"column":null}}}},"branchMap":{"0":{"loc":{"start":{"line":20,"column":0},"end":{"line":22,"column":1}},"type":"if","locations":[{"start":{"line":20,"column":0},"end":{"line":22,"column":1}},{"start":{},"end":{}}]},"1":{"loc":{"start":{"line":25,"column":2},"end":{"line":25,"column":38}},"type":"if","locations":[{"start":{"line":25,"column":2},"end":{"line":25,"column":38}},{"start":{},"end":{}}]},"2":{"loc":{"start":{"line":29,"column":2},"end":{"line":31,"column":3}},"type":"if","locations":[{"start":{"line":29,"column":2},"end":{"line":31,"column":3}},{"start":{},"end":{}}]},"3":{"loc":{"start":{"line":33,"column":2},"end":{"line":38,"column":3}},"type":"if","locations":[{"start":{"line":33,"column":2},"end":{"line":38,"column":3}},{"start":{},"end":{}}]},"4":{"loc":{"start":{"line":44,"column":2},"end":{"line":48,"column":3}},"type":"if","locations":[{"start":{"line":44,"column":2},"end":{"line":48,"column":3}},{"start":{},"end":{}}]}},"s":{"0":7,"1":7,"2":7,"3":7,"4":7,"5":7,"6":7,"7":7,"8":4,"9":1,"10":3,"11":3,"12":0,"13":3,"14":3,"15":3,"16":3,"17":3,"18":2,"19":1,"20":1,"21":1},"f":{"0":4,"1":3,"2":2},"b":{"0":[7,0],"1":[1,3],"2":[0,3],"3":[3,0],"4":[1,1]}}
}
