TN:
SF:src/app/api/quotes/route.ts
FN:5,GET
FN:8,(anonymous_9)
FNF:2
FNH:2
FNDA:1,GET
FNDA:2,(anonymous_9)
DA:1,1
DA:2,1
DA:3,1
DA:5,1
DA:6,1
DA:7,1
DA:8,2
DA:9,1
LF:8
LH:8
BRF:0
BRH:0
end_of_record
TN:
SF:src/app/api/quotes/[id]/route.ts
FN:6,GET
FNF:1
FNH:1
FNDA:5,GET
DA:1,1
DA:2,1
DA:3,1
DA:4,1
DA:6,1
DA:7,5
DA:9,5
DA:11,5
DA:12,1
DA:16,4
DA:17,1
DA:20,3
DA:22,3
DA:24,3
DA:26,2
DA:27,1
DA:30,1
DA:31,1
DA:34,1
DA:35,1
LF:20
LH:20
BRDA:11,0,0,1
BRDA:11,0,1,4
BRDA:16,1,0,1
BRDA:16,1,1,3
BRDA:26,2,0,1
BRDA:26,2,1,1
BRDA:34,3,0,1
BRDA:34,3,1,0
BRF:8
BRH:7
end_of_record
TN:
SF:src/app/api/quotes/random-id/route.ts
FN:5,GET
FNF:1
FNH:1
FNDA:4,GET
DA:1,1
DA:2,1
DA:3,1
DA:5,1
DA:6,4
DA:7,4
DA:9,4
DA:11,2
DA:12,1
DA:15,1
DA:17,2
DA:18,2
LF:12
LH:12
BRDA:11,0,0,1
BRDA:11,0,1,1
BRDA:17,1,0,2
BRDA:17,1,1,0
BRF:4
BRH:3
end_of_record
TN:
SF:src/models/Quote.ts
FNF:0
FNH:0
DA:1,3
DA:8,3
DA:13,3
LF:3
LH:3
BRDA:13,0,0,3
BRDA:13,0,1,3
BRF:2
BRH:2
end_of_record
TN:
SF:src/utils/db.ts
FN:24,connectToDatabase
FN:34,(anonymous_10)
FN:43,closeConnection
FNF:3
FNH:3
FNDA:4,connectToDatabase
FNDA:3,(anonymous_10)
FNDA:2,closeConnection
DA:1,7
DA:2,7
DA:13,7
DA:15,7
DA:20,7
DA:21,7
DA:24,7
DA:25,4
DA:27,3
DA:29,3
DA:30,0
DA:33,3
DA:34,3
DA:35,3
DA:36,3
DA:40,3
DA:43,7
DA:44,2
DA:45,1
DA:46,1
DA:47,1
LF:21
LH:20
BRDA:20,0,0,7
BRDA:20,0,1,0
BRDA:25,1,0,1
BRDA:25,1,1,3
BRDA:29,2,0,0
BRDA:29,2,1,3
BRDA:33,3,0,3
BRDA:33,3,1,0
BRDA:44,4,0,1
BRDA:44,4,1,1
BRF:10
BRH:7
end_of_record
