TN:
SF:src/app/api/quotes/route.ts
FN:5,GET
FN:8,(anonymous_9)
FNF:2
FNH:0
FNDA:0,GET
FNDA:0,(anonymous_9)
DA:1,0
DA:2,0
DA:3,0
DA:5,0
DA:6,0
DA:7,0
DA:8,0
DA:9,0
LF:8
LH:0
BRF:0
BRH:0
end_of_record
TN:
SF:src/app/api/quotes/[id]/route.ts
FN:6,GET
FNF:1
FNH:1
FNDA:5,GET
DA:1,1
DA:2,1
DA:3,1
DA:4,1
DA:6,1
DA:7,5
DA:9,5
DA:11,5
DA:12,1
DA:16,4
DA:17,1
DA:20,3
DA:22,3
DA:24,3
DA:26,2
DA:27,1
DA:30,1
DA:31,1
DA:34,1
DA:35,1
LF:20
LH:20
BRDA:11,0,0,1
BRDA:11,0,1,4
BRDA:16,1,0,1
BRDA:16,1,1,3
BRDA:26,2,0,1
BRDA:26,2,1,1
BRDA:34,3,0,1
BRDA:34,3,1,0
BRF:8
BRH:7
end_of_record
TN:
SF:src/app/api/quotes/random-id/route.ts
FN:5,GET
FNF:1
FNH:0
FNDA:0,GET
DA:1,0
DA:2,0
DA:3,0
DA:5,0
DA:6,0
DA:7,0
DA:9,0
DA:11,0
DA:12,0
DA:15,0
DA:17,0
DA:18,0
LF:12
LH:0
BRDA:11,0,0,0
BRDA:11,0,1,0
BRDA:17,1,0,0
BRDA:17,1,1,0
BRF:4
BRH:0
end_of_record
TN:
SF:src/models/Quote.ts
FNF:0
FNH:0
DA:1,1
DA:8,1
DA:13,1
LF:3
LH:3
BRDA:13,0,0,1
BRDA:13,0,1,1
BRF:2
BRH:2
end_of_record
TN:
SF:src/utils/db.ts
FN:28,connectToDatabase
FN:32,(anonymous_10)
FN:41,closeConnection
FNF:3
FNH:3
FNDA:4,connectToDatabase
FNDA:3,(anonymous_10)
FNDA:2,closeConnection
DA:1,6
DA:2,6
DA:11,6
DA:13,6
DA:15,6
DA:16,0
DA:19,6
DA:24,6
DA:25,6
DA:28,6
DA:29,4
DA:31,3
DA:32,3
DA:33,3
DA:34,3
DA:38,3
DA:41,6
DA:42,2
DA:43,1
DA:44,1
DA:45,1
LF:21
LH:20
BRDA:15,0,0,0
BRDA:15,0,1,6
BRDA:24,1,0,6
BRDA:24,1,1,0
BRDA:29,2,0,1
BRDA:29,2,1,3
BRDA:31,3,0,3
BRDA:31,3,1,0
BRDA:42,4,0,1
BRDA:42,4,1,1
BRF:10
BRH:7
end_of_record
